<?xml version="1.0" encoding="UTF-8"?>
<!-- Generated by org.testng.reporters.JUnitReportReporter -->
<testsuite hostname="LAPTOP-82RAOH4R" failures="0" tests="1" name="Tests_GET" time="11.270" errors="0" timestamp="2022-10-28T11:25:55 IST" skipped="0">
  <testcase classname="Tests_GET" name="test_1" time="11.270"/>
  <system-out/>
</testsuite> <!-- Tests_GET -->
