<?xml version="1.0" encoding="UTF-8"?>
<!-- Generated by org.testng.reporters.JUnitReportReporter -->
<testsuite hostname="LAPTOP-82RAOH4R" failures="0" tests="1" name="Test_POST" time="7.002" errors="0" timestamp="2022-10-28T11:27:43 IST" skipped="0">
  <testcase classname="Test_POST" name="test1_Post" time="7.002"/>
  <system-out/>
</testsuite> <!-- Test_POST -->
