<?xml version="1.0" encoding="UTF-8"?>
<!-- Generated by org.testng.reporters.JUnitReportReporter -->
<testsuite hostname="LAPTOP-82RAOH4R" failures="0" tests="1" name="Test01_GET" time="4.200" errors="0" timestamp="2022-10-07T17:02:06 IST" skipped="0">
  <testcase classname="Test01_GET" name="test_01" time="4.200"/>
  <system-out/>
</testsuite> <!-- Test01_GET -->
