<?xml version="1.0" encoding="UTF-8"?>
<!-- Generated by org.testng.reporters.JUnitReportReporter -->
<testsuite hostname="LAPTOP-82RAOH4R" failures="0" tests="1" name="Test2_PUT" time="4.792" errors="0" timestamp="2022-10-07T21:18:55 IST" skipped="0">
  <testcase classname="Test2_PUT" name="test1_Put" time="4.792"/>
  <system-out/>
</testsuite> <!-- Test2_PUT -->
